2021-01-05T01:22:12.198244+00:00 app[web.1]: all ok
2021-01-05T01:22:27.508422+00:00 heroku[router]: at=error code=H20 desc="App boot timeout" method=GET path="/" host=morning-fortress-91060.herokuapp.com request_id=75d69fb4-8072-44de-803e-214534c25daf fwd="136.24.141.48" dyno= connect= service= status=503 bytes= protocol=https
2021-01-05T01:23:05.893893+00:00 app[api]: Starting process with command `bash` by user appjedi.net@gmail.com
2021-01-05T01:23:08.920647+00:00 heroku[run.5766]: State changed from starting to up
2021-01-05T01:23:09.019453+00:00 heroku[run.5766]: Awaiting client
2021-01-05T01:23:09.052226+00:00 heroku[run.5766]: Starting process with command `bash`
2021-01-05T01:23:09.683776+00:00 heroku[web.1]: Error R10 (Boot timeout) -> Web process failed to bind to $PORT within 60 seconds of launch
2021-01-05T01:23:09.700328+00:00 heroku[web.1]: Stopping process with SIGKILL
2021-01-05T01:23:09.727632+00:00 app[web.1]: Error waiting for process to terminate: No child processes
2021-01-05T01:23:09.791269+00:00 heroku[web.1]: Process exited with status 22
2021-01-05T01:23:09.829109+00:00 heroku[web.1]: State changed from starting to crashed
2021-01-05T01:23:10.856817+00:00 heroku[router]: at=error code=H10 desc="App crashed" method=GET path="/" host=morning-fortress-91060.herokuapp.com request_id=70d6ddbe-3f92-4dda-ae8e-ce6497b931b1 fwd="136.24.141.48" dyno= connect= service= status=503 bytes= protocol=https
2021-01-05T01:23:11.492253+00:00 heroku[router]: at=error code=H10 desc="App crashed" method=GET path="/login" host=morning-fortress-91060.herokuapp.com request_id=b56f6366-25aa-47b1-9d5d-d3dee88ce6b3 fwd="136.24.141.48" dyno= connect= service= status=503 bytes= protocol=https
2021-01-05T01:23:37.074239+00:00 heroku[router]: at=error code=H10 desc="App crashed" method=GET path="/" host=morning-fortress-91060.herokuapp.com request_id=e2806ced-1d47-4c2e-8183-edc7a78a14fb fwd="136.24.141.48" dyno= connect= service= status=503 bytes= protocol=https
2021-01-05T01:23:37.222338+00:00 heroku[router]: at=error code=H10 desc="App crashed" method=GET path="/favicon.ico" host=morning-fortress-91060.herokuapp.com request_id=2c66a64f-d464-48bc-9756-651866829f62 fwd="136.24.141.48" dyno= connect= service= status=503 bytes= protocol=https
2021-01-05T01:23:55.797721+00:00 heroku[router]: at=error code=H10 desc="App crashed" method=GET path="/" host=morning-fortress-91060.herokuapp.com request_id=f9211508-63e2-42f8-87ee-a06414918a24 fwd="136.24.141.48" dyno= connect= service= status=503 bytes= protocol=https
2021-01-05T01:23:55.929246+00:00 heroku[router]: at=error code=H10 desc="App crashed" method=GET path="/favicon.ico" host=morning-fortress-91060.herokuapp.com request_id=a73a34a9-68d3-41d3-84ad-af82fae96f16 fwd="136.24.141.48" dyno= connect= service= status=503 bytes= protocol=https
2021-01-05T01:24:22.658663+00:00 heroku[router]: at=error code=H10 desc="App crashed" method=GET path="/" host=morning-fortress-91060.herokuapp.com request_id=004ab8cb-d5d7-4022-8e54-902a36a046bc fwd="136.24.141.48" dyno= connect= service= status=503 bytes= protocol=https
2021-01-05T01:24:22.787693+00:00 heroku[router]: at=error code=H10 desc="App crashed" method=GET path="/favicon.ico" host=morning-fortress-91060.herokuapp.com request_id=9063bf95-22a2-40f0-a501-3c0350ac42a4 fwd="136.24.141.48" dyno= connect= service= status=503 bytes= protocol=https
2021-01-05T01:24:41.590049+00:00 heroku[router]: at=error code=H10 desc="App crashed" method=GET path="/" host=morning-fortress-91060.herokuapp.com request_id=956b5803-f449-41eb-aa0a-d855f221f152 fwd="136.24.141.48" dyno= connect= service= status=503 bytes= protocol=https
2021-01-05T01:24:41.717799+00:00 heroku[router]: at=error code=H10 desc="App crashed" method=GET path="/favicon.ico" host=morning-fortress-91060.herokuapp.com request_id=5bdcf847-ca77-4ba0-b5e4-e9da20223744 fwd="136.24.141.48" dyno= connect= service= status=503 bytes= protocol=https
2021-01-05T01:24:58.784526+00:00 heroku[router]: at=error code=H10 desc="App crashed" method=GET path="/" host=morning-fortress-91060.herokuapp.com request_id=27407ed8-b55d-405a-8777-17a196c7ba8c fwd="136.24.141.48" dyno= connect= service= status=503 bytes= protocol=https
2021-01-05T01:24:58.889071+00:00 heroku[router]: at=error code=H10 desc="App crashed" method=GET path="/favicon.ico" host=morning-fortress-91060.herokuapp.com request_id=d7703ac7-9d7b-4df9-a7ae-d41cfe62bb70 fwd="136.24.141.48" dyno= connect= service= status=503 bytes= protocol=https
2021-01-05T01:25:12.945131+00:00 heroku[run.5766]: Process exited with status 0
2021-01-05T01:25:12.978828+00:00 heroku[run.5766]: State changed from up to complete
2021-01-05T01:27:49.000000+00:00 app[api]: Build started by user appjedi.net@gmail.com
2021-01-05T01:28:04.644506+00:00 app[api]: Deploy b35c8c87 by user appjedi.net@gmail.com
2021-01-05T01:28:04.644506+00:00 app[api]: Release v4 created by user appjedi.net@gmail.com
2021-01-05T01:28:04.833952+00:00 heroku[web.1]: State changed from crashed to starting
2021-01-05T01:28:05.000000+00:00 app[api]: Build succeeded
2021-01-05T01:28:08.196918+00:00 heroku[web.1]: Starting process with command `npm start`
2021-01-05T01:28:12.218779+00:00 app[web.1]: 
2021-01-05T01:28:12.218822+00:00 app[web.1]: > express@1.0.0 start /app
2021-01-05T01:28:12.218823+00:00 app[web.1]: > node server.js
2021-01-05T01:28:12.218823+00:00 app[web.1]: 
2021-01-05T01:28:12.860533+00:00 app[web.1]: events.js:291
2021-01-05T01:28:12.860585+00:00 app[web.1]: throw er; // Unhandled 'error' event
2021-01-05T01:28:12.860586+00:00 app[web.1]: ^
2021-01-05T01:28:12.860586+00:00 app[web.1]: 
2021-01-05T01:28:12.860587+00:00 app[web.1]: Error: listen EACCES: permission denied 0.0.0.0:80
2021-01-05T01:28:12.860587+00:00 app[web.1]: at Server.setupListenHandle [as _listen2] (net.js:1299:21)
2021-01-05T01:28:12.860588+00:00 app[web.1]: at listenInCluster (net.js:1364:12)
2021-01-05T01:28:12.860588+00:00 app[web.1]: at Server.listen (net.js:1450:7)
2021-01-05T01:28:12.860588+00:00 app[web.1]: at Function.listen (/app/node_modules/express/lib/application.js:618:24)
2021-01-05T01:28:12.860589+00:00 app[web.1]: at Object.<anonymous> (/app/server.js:118:5)
2021-01-05T01:28:12.860589+00:00 app[web.1]: at Module._compile (internal/modules/cjs/loader.js:999:30)
2021-01-05T01:28:12.860589+00:00 app[web.1]: at Object.Module._extensions..js (internal/modules/cjs/loader.js:1027:10)
2021-01-05T01:28:12.860590+00:00 app[web.1]: at Module.load (internal/modules/cjs/loader.js:863:32)
2021-01-05T01:28:12.860590+00:00 app[web.1]: at Function.Module._load (internal/modules/cjs/loader.js:708:14)
2021-01-05T01:28:12.860591+00:00 app[web.1]: at Function.executeUserEntryPoint [as runMain] (internal/modules/run_main.js:60:12)
2021-01-05T01:28:12.860591+00:00 app[web.1]: Emitted 'error' event on Server instance at:
2021-01-05T01:28:12.860591+00:00 app[web.1]: at emitErrorNT (net.js:1343:8)
2021-01-05T01:28:12.860592+00:00 app[web.1]: at processTicksAndRejections (internal/process/task_queues.js:84:21) {
2021-01-05T01:28:12.860592+00:00 app[web.1]: code: 'EACCES',
2021-01-05T01:28:12.860593+00:00 app[web.1]: errno: 'EACCES',
2021-01-05T01:28:12.860593+00:00 app[web.1]: syscall: 'listen',
2021-01-05T01:28:12.860593+00:00 app[web.1]: address: '0.0.0.0',
2021-01-05T01:28:12.860593+00:00 app[web.1]: port: 80
2021-01-05T01:28:12.860594+00:00 app[web.1]: }
2021-01-05T01:28:12.909479+00:00 app[web.1]: npm ERR! code ELIFECYCLE
2021-01-05T01:28:12.909949+00:00 app[web.1]: npm ERR! errno 1
2021-01-05T01:28:12.939998+00:00 app[web.1]: npm ERR! express@1.0.0 start: `node server.js`
2021-01-05T01:28:12.940000+00:00 app[web.1]: npm ERR! Exit status 1
2021-01-05T01:28:12.940000+00:00 app[web.1]: npm ERR!
2021-01-05T01:28:12.940001+00:00 app[web.1]: npm ERR! Failed at the express@1.0.0 start script.
2021-01-05T01:28:12.940002+00:00 app[web.1]: npm ERR! This is probably not a problem with npm. There is likely additional logging output above.
2021-01-05T01:28:12.982927+00:00 app[web.1]: 
2021-01-05T01:28:12.983174+00:00 app[web.1]: npm ERR! A complete log of this run can be found in:
2021-01-05T01:28:12.983293+00:00 app[web.1]: npm ERR!     /app/.npm/_logs/2021-01-05T01_28_12_940Z-debug.log
2021-01-05T01:28:13.084168+00:00 heroku[web.1]: Process exited with status 1
2021-01-05T01:28:13.136621+00:00 heroku[web.1]: State changed from starting to crashed
2021-01-05T01:30:05.000000+00:00 app[api]: Build started by user appjedi.net@gmail.com
2021-01-05T01:30:20.000000+00:00 app[api]: Build succeeded
2021-01-05T01:30:20.213292+00:00 app[api]: Deploy 071bc936 by user appjedi.net@gmail.com
2021-01-05T01:30:20.213292+00:00 app[api]: Release v5 created by user appjedi.net@gmail.com
2021-01-05T01:30:20.465804+00:00 heroku[web.1]: State changed from crashed to starting
2021-01-05T01:30:22.773609+00:00 heroku[web.1]: Starting process with command `npm start`
2021-01-05T01:30:25.437239+00:00 app[web.1]: 
2021-01-05T01:30:25.437258+00:00 app[web.1]: > express@1.0.0 start /app
2021-01-05T01:30:25.437258+00:00 app[web.1]: > node server.js
2021-01-05T01:30:25.437258+00:00 app[web.1]: 
2021-01-05T01:30:25.724800+00:00 app[web.1]: ok on port 4001
2021-01-05T01:31:23.089563+00:00 heroku[web.1]: Error R10 (Boot timeout) -> Web process failed to bind to $PORT within 60 seconds of launch
2021-01-05T01:31:23.114764+00:00 heroku[web.1]: Stopping process with SIGKILL
2021-01-05T01:31:23.219021+00:00 heroku[web.1]: Process exited with status 137
2021-01-05T01:31:23.269241+00:00 heroku[web.1]: State changed from starting to crashed
2021-01-05T01:31:24.197132+00:00 heroku[router]: at=error code=H10 desc="App crashed" method=GET path="/" host=morning-fortress-91060.herokuapp.com request_id=61a2fba6-119c-4fc4-8603-d522ee88fb0d fwd="136.24.141.48" dyno= connect= service= status=503 bytes= protocol=https
2021-01-05T01:31:24.331645+00:00 heroku[router]: at=error code=H10 desc="App crashed" method=GET path="/favicon.ico" host=morning-fortress-91060.herokuapp.com request_id=ddd7a843-5feb-49dc-b371-aa92eba22701 fwd="136.24.141.48" dyno= connect= service= status=503 bytes= protocol=https
2021-01-05T01:33:23.000000+00:00 app[api]: Build started by user appjedi.net@gmail.com
2021-01-05T01:33:37.627188+00:00 app[api]: Deploy a92e5210 by user appjedi.net@gmail.com
2021-01-05T01:33:37.627188+00:00 app[api]: Release v6 created by user appjedi.net@gmail.com
2021-01-05T01:33:38.000000+00:00 app[api]: Build succeeded
2021-01-05T01:33:38.077827+00:00 heroku[web.1]: State changed from crashed to starting
2021-01-05T01:33:41.858761+00:00 heroku[web.1]: Starting process with command `npm start`
2021-01-05T01:33:46.918105+00:00 app[web.1]: 
2021-01-05T01:33:46.918131+00:00 app[web.1]: > express@1.0.0 start /app
2021-01-05T01:33:46.918131+00:00 app[web.1]: > node server.js
2021-01-05T01:33:46.918132+00:00 app[web.1]: 
2021-01-05T01:33:47.438426+00:00 app[web.1]: ok on port 41560
2021-01-05T01:33:47.509434+00:00 heroku[web.1]: State changed from starting to up
